Release 14.7 - ngc2edif P.20131013 (nt)
Copyright (c) 1995-2013 Xilinx, Inc.  All rights reserved.
Reading design stopwatch.ngc ...
WARNING:NetListWriters:298 - No output is written to stopwatch.xncf, ignored.
Processing design ...
   Preping design's networks ...
   Preping design's macros ...
WARNING:NetListWriters:306 - Signal bus
   lcd_cntrl_inst_Mcompar_state_cmp_ge0000_lut<12 : 0> on block stopwatch is not
   reconstructed, because there are some missing bus signals.
WARNING:NetListWriters:306 - Signal bus lcd_cntrl_inst_sf_d_temp<3 : 1> on block
   stopwatch is not reconstructed, because there are some missing bus signals.
  finished :Prep
Writing EDIF netlist file stopwatch.edif ...
ngc2edif: Total memory usage is 85716 kilobytes

Release 14.7 - ngc2edif P.20131013 (nt)
Copyright (c) 1995-2013 Xilinx, Inc.  All rights reserved.
Reading design timer_preset.ngc ...
WARNING:NetListWriters:298 - No output is written to timer_preset.xncf, ignored.
Processing design ...
   Preping design's networks ...
   Preping design's macros ...
  finished :Prep
Writing EDIF netlist file timer_preset.edif ...
ngc2edif: Total memory usage is 84552 kilobytes

Release 14.7 - ngc2edif P.20131013 (nt)
Copyright (c) 1995-2013 Xilinx, Inc.  All rights reserved.
Reading design stopwatch.ngc ...
WARNING:NetListWriters:298 - No output is written to stopwatch.xncf, ignored.
Processing design ...
   Preping design's networks ...
   Preping design's macros ...
WARNING:NetListWriters:306 - Signal bus
   lcd_cntrl_inst_Mcompar_state_cmp_ge0000_lut<12 : 0> on block stopwatch is not
   reconstructed, because there are some missing bus signals.
WARNING:NetListWriters:306 - Signal bus lcd_cntrl_inst_sf_d_temp<3 : 1> on block
   stopwatch is not reconstructed, because there are some missing bus signals.
  finished :Prep
Writing EDIF netlist file stopwatch.edif ...
ngc2edif: Total memory usage is 84872 kilobytes

Release 14.7 - ngc2edif P.20131013 (nt)
Copyright (c) 1995-2013 Xilinx, Inc.  All rights reserved.
Reading design timer_preset.ngc ...
WARNING:NetListWriters:298 - No output is written to timer_preset.xncf, ignored.
Processing design ...
   Preping design's networks ...
   Preping design's macros ...
  finished :Prep
Writing EDIF netlist file timer_preset.edif ...
ngc2edif: Total memory usage is 85064 kilobytes

