Release 14.7 Map P.20131013 (nt)
Xilinx Mapping Report File for Design 'stopwatch'

Design Information
------------------
Command Line   : map -intstyle ise -p xc6slx4l-tqg144-1L -w -logic_opt off -ol
high -t 1 -xt 0 -register_duplication off -r 4 -global_opt off -mt off -ir off
-pr off -lc off -power off -o stopwatch_map.ncd stopwatch.ngd stopwatch.pcf 
Target Device  : xc6slx4l
Target Package : tqg144
Target Speed   : -1l
Mapper Version : spartan6l -- $Revision: 1.55 $
Mapped Date    : Sat Jul 15 11:18:35 2017

Design Summary
--------------
Number of errors   :   9
Number of warnings :   0

Section 1 - Errors
------------------
ERROR:MapLib:30 - LOC constraint E12 on clk is invalid: No such site on the
   device. To bypass this error set the environment variable 'XIL_MAP_LOCWARN'.
ERROR:MapLib:30 - LOC constraint Y15 on sf_d<7> is invalid: No such site on the
   device. To bypass this error set the environment variable 'XIL_MAP_LOCWARN'.
ERROR:MapLib:30 - LOC constraint AB16 on sf_d<6> is invalid: No such site on the
   device. To bypass this error set the environment variable 'XIL_MAP_LOCWARN'.
ERROR:MapLib:30 - LOC constraint Y16 on sf_d<5> is invalid: No such site on the
   device. To bypass this error set the environment variable 'XIL_MAP_LOCWARN'.
ERROR:MapLib:30 - LOC constraint AA12 on sf_d<4> is invalid: No such site on the
   device. To bypass this error set the environment variable 'XIL_MAP_LOCWARN'.
ERROR:MapLib:30 - LOC constraint AB12 on sf_d<3> is invalid: No such site on the
   device. To bypass this error set the environment variable 'XIL_MAP_LOCWARN'.
ERROR:MapLib:30 - LOC constraint AB17 on sf_d<2> is invalid: No such site on the
   device. To bypass this error set the environment variable 'XIL_MAP_LOCWARN'.
ERROR:MapLib:30 - LOC constraint AB18 on sf_d<1> is invalid: No such site on the
   device. To bypass this error set the environment variable 'XIL_MAP_LOCWARN'.
ERROR:MapLib:30 - LOC constraint Y13 on sf_d<0> is invalid: No such site on the
   device. To bypass this error set the environment variable 'XIL_MAP_LOCWARN'.

Section 2 - Warnings
--------------------

Section 3 - Informational
-------------------------

Section 4 - Removed Logic Summary
---------------------------------

Section 5 - Removed Logic
-------------------------
